[2022-11-01T21:57:10.929Z][backend][info] Server started - PORT: 3333
[2022-11-01T21:57:48.170Z][backend][info] Gracefully shutting down
[2022-11-01T21:57:48.183Z][backend][info] Gracefully shutting down
[2022-11-01T23:43:52.397Z][backend][info] Server started - PORT: 3333
[2022-11-01T23:51:31.194Z][backend][info] Gracefully shutting down
[2022-11-01T23:51:31.221Z][backend][info] Gracefully shutting down
[2022-11-02T00:08:53.351Z][backend][info] Server started - PORT: 3333
[2022-11-02T00:10:03.937Z][backend][error] Unable to connect to database.  ER_TABLE_EXISTS_ERROR: Table 'ratings' already exists 
 QueryFailedError: ER_TABLE_EXISTS_ERROR: Table 'ratings' already exists
    at QueryFailedError.TypeORMError [as constructor] (/Users/sarang_3010/Documents/propane/src/error/TypeORMError.ts:7:9)
    at new QueryFailedError (/Users/sarang_3010/Documents/propane/src/error/QueryFailedError.ts:9:9)
    at Query.<anonymous> (/Users/sarang_3010/Documents/propane/src/driver/mysql/MysqlQueryRunner.ts:195:37)
    at Query.<anonymous> (/Users/sarang_3010/Documents/propane/node_modules/mysql/lib/Connection.js:526:10)
    at Query._callback (/Users/sarang_3010/Documents/propane/node_modules/mysql/lib/Connection.js:488:16)
    at Query.Sequence.end (/Users/sarang_3010/Documents/propane/node_modules/mysql/lib/protocol/sequences/Sequence.js:83:24)
    at Query.ErrorPacket (/Users/sarang_3010/Documents/propane/node_modules/mysql/lib/protocol/sequences/Query.js:92:8)
    at Protocol._parsePacket (/Users/sarang_3010/Documents/propane/node_modules/mysql/lib/protocol/Protocol.js:291:23)
    at Parser._parsePacket (/Users/sarang_3010/Documents/propane/node_modules/mysql/lib/protocol/Parser.js:433:10)
    at Parser.write (/Users/sarang_3010/Documents/propane/node_modules/mysql/lib/protocol/Parser.js:43:10)
[2022-11-02T00:10:38.139Z][backend][error] Unable to connect to database.  Entity "Ratings" does not have a primary column. Primary column is required to have in all your entities. Use @PrimaryColumn decorator to add a primary column to your entity. 
 MissingPrimaryColumnError: Entity "Ratings" does not have a primary column. Primary column is required to have in all your entities. Use @PrimaryColumn decorator to add a primary column to your entity.
    at MissingPrimaryColumnError.TypeORMError [as constructor] (/Users/sarang_3010/Documents/propane/src/error/TypeORMError.ts:7:9)
    at new MissingPrimaryColumnError (/Users/sarang_3010/Documents/propane/src/error/MissingPrimaryColumnError.ts:6:9)
    at EntityMetadataValidator.validate (/Users/sarang_3010/Documents/propane/src/metadata-builder/EntityMetadataValidator.ts:58:19)
    at /Users/sarang_3010/Documents/propane/src/metadata-builder/EntityMetadataValidator.ts:46:56
    at Array.forEach (<anonymous>)
    at EntityMetadataValidator.validateMany (/Users/sarang_3010/Documents/propane/src/metadata-builder/EntityMetadataValidator.ts:46:25)
    at Connection.buildMetadatas (/Users/sarang_3010/Documents/propane/src/connection/Connection.ts:518:33)
    at Connection.<anonymous> (/Users/sarang_3010/Documents/propane/src/connection/Connection.ts:186:18)
    at step (/Users/sarang_3010/Documents/propane/node_modules/tslib/tslib.js:143:27)
    at Object.next (/Users/sarang_3010/Documents/propane/node_modules/tslib/tslib.js:124:57)
[2022-11-02T00:10:51.507Z][backend][error] Unable to connect to database.  Entity "Ratings" does not have a primary column. Primary column is required to have in all your entities. Use @PrimaryColumn decorator to add a primary column to your entity. 
 MissingPrimaryColumnError: Entity "Ratings" does not have a primary column. Primary column is required to have in all your entities. Use @PrimaryColumn decorator to add a primary column to your entity.
    at MissingPrimaryColumnError.TypeORMError [as constructor] (/Users/sarang_3010/Documents/propane/src/error/TypeORMError.ts:7:9)
    at new MissingPrimaryColumnError (/Users/sarang_3010/Documents/propane/src/error/MissingPrimaryColumnError.ts:6:9)
    at EntityMetadataValidator.validate (/Users/sarang_3010/Documents/propane/src/metadata-builder/EntityMetadataValidator.ts:58:19)
    at /Users/sarang_3010/Documents/propane/src/metadata-builder/EntityMetadataValidator.ts:46:56
    at Array.forEach (<anonymous>)
    at EntityMetadataValidator.validateMany (/Users/sarang_3010/Documents/propane/src/metadata-builder/EntityMetadataValidator.ts:46:25)
    at Connection.buildMetadatas (/Users/sarang_3010/Documents/propane/src/connection/Connection.ts:518:33)
    at Connection.<anonymous> (/Users/sarang_3010/Documents/propane/src/connection/Connection.ts:186:18)
    at step (/Users/sarang_3010/Documents/propane/node_modules/tslib/tslib.js:143:27)
    at Object.next (/Users/sarang_3010/Documents/propane/node_modules/tslib/tslib.js:124:57)
[2022-11-02T00:11:01.353Z][backend][error] Unable to connect to database.  Entity "Ratings" does not have a primary column. Primary column is required to have in all your entities. Use @PrimaryColumn decorator to add a primary column to your entity. 
 MissingPrimaryColumnError: Entity "Ratings" does not have a primary column. Primary column is required to have in all your entities. Use @PrimaryColumn decorator to add a primary column to your entity.
    at MissingPrimaryColumnError.TypeORMError [as constructor] (/Users/sarang_3010/Documents/propane/src/error/TypeORMError.ts:7:9)
    at new MissingPrimaryColumnError (/Users/sarang_3010/Documents/propane/src/error/MissingPrimaryColumnError.ts:6:9)
    at EntityMetadataValidator.validate (/Users/sarang_3010/Documents/propane/src/metadata-builder/EntityMetadataValidator.ts:58:19)
    at /Users/sarang_3010/Documents/propane/src/metadata-builder/EntityMetadataValidator.ts:46:56
    at Array.forEach (<anonymous>)
    at EntityMetadataValidator.validateMany (/Users/sarang_3010/Documents/propane/src/metadata-builder/EntityMetadataValidator.ts:46:25)
    at Connection.buildMetadatas (/Users/sarang_3010/Documents/propane/src/connection/Connection.ts:518:33)
    at Connection.<anonymous> (/Users/sarang_3010/Documents/propane/src/connection/Connection.ts:186:18)
    at step (/Users/sarang_3010/Documents/propane/node_modules/tslib/tslib.js:143:27)
    at Object.next (/Users/sarang_3010/Documents/propane/node_modules/tslib/tslib.js:124:57)
[2022-11-02T00:11:56.228Z][backend][error] Unable to connect to database.  Entity "Ratings" does not have a primary column. Primary column is required to have in all your entities. Use @PrimaryColumn decorator to add a primary column to your entity. 
 MissingPrimaryColumnError: Entity "Ratings" does not have a primary column. Primary column is required to have in all your entities. Use @PrimaryColumn decorator to add a primary column to your entity.
    at MissingPrimaryColumnError.TypeORMError [as constructor] (/Users/sarang_3010/Documents/propane/src/error/TypeORMError.ts:7:9)
    at new MissingPrimaryColumnError (/Users/sarang_3010/Documents/propane/src/error/MissingPrimaryColumnError.ts:6:9)
    at EntityMetadataValidator.validate (/Users/sarang_3010/Documents/propane/src/metadata-builder/EntityMetadataValidator.ts:58:19)
    at /Users/sarang_3010/Documents/propane/src/metadata-builder/EntityMetadataValidator.ts:46:56
    at Array.forEach (<anonymous>)
    at EntityMetadataValidator.validateMany (/Users/sarang_3010/Documents/propane/src/metadata-builder/EntityMetadataValidator.ts:46:25)
    at Connection.buildMetadatas (/Users/sarang_3010/Documents/propane/src/connection/Connection.ts:518:33)
    at Connection.<anonymous> (/Users/sarang_3010/Documents/propane/src/connection/Connection.ts:186:18)
    at step (/Users/sarang_3010/Documents/propane/node_modules/tslib/tslib.js:143:27)
    at Object.next (/Users/sarang_3010/Documents/propane/node_modules/tslib/tslib.js:124:57)
[2022-11-02T00:12:16.233Z][backend][error] Unable to connect to database.  ER_TABLE_EXISTS_ERROR: Table 'ratings' already exists 
 QueryFailedError: ER_TABLE_EXISTS_ERROR: Table 'ratings' already exists
    at QueryFailedError.TypeORMError [as constructor] (/Users/sarang_3010/Documents/propane/src/error/TypeORMError.ts:7:9)
    at new QueryFailedError (/Users/sarang_3010/Documents/propane/src/error/QueryFailedError.ts:9:9)
    at Query.<anonymous> (/Users/sarang_3010/Documents/propane/src/driver/mysql/MysqlQueryRunner.ts:195:37)
    at Query.<anonymous> (/Users/sarang_3010/Documents/propane/node_modules/mysql/lib/Connection.js:526:10)
    at Query._callback (/Users/sarang_3010/Documents/propane/node_modules/mysql/lib/Connection.js:488:16)
    at Query.Sequence.end (/Users/sarang_3010/Documents/propane/node_modules/mysql/lib/protocol/sequences/Sequence.js:83:24)
    at Query.ErrorPacket (/Users/sarang_3010/Documents/propane/node_modules/mysql/lib/protocol/sequences/Query.js:92:8)
    at Protocol._parsePacket (/Users/sarang_3010/Documents/propane/node_modules/mysql/lib/protocol/Protocol.js:291:23)
    at Parser._parsePacket (/Users/sarang_3010/Documents/propane/node_modules/mysql/lib/protocol/Parser.js:433:10)
    at Parser.write (/Users/sarang_3010/Documents/propane/node_modules/mysql/lib/protocol/Parser.js:43:10)
[2022-11-02T00:13:13.035Z][backend][error] Unable to connect to database.  ER_TABLE_EXISTS_ERROR: Table 'ratings' already exists 
 QueryFailedError: ER_TABLE_EXISTS_ERROR: Table 'ratings' already exists
    at QueryFailedError.TypeORMError [as constructor] (/Users/sarang_3010/Documents/propane/src/error/TypeORMError.ts:7:9)
    at new QueryFailedError (/Users/sarang_3010/Documents/propane/src/error/QueryFailedError.ts:9:9)
    at Query.<anonymous> (/Users/sarang_3010/Documents/propane/src/driver/mysql/MysqlQueryRunner.ts:195:37)
    at Query.<anonymous> (/Users/sarang_3010/Documents/propane/node_modules/mysql/lib/Connection.js:526:10)
    at Query._callback (/Users/sarang_3010/Documents/propane/node_modules/mysql/lib/Connection.js:488:16)
    at Query.Sequence.end (/Users/sarang_3010/Documents/propane/node_modules/mysql/lib/protocol/sequences/Sequence.js:83:24)
    at Query.ErrorPacket (/Users/sarang_3010/Documents/propane/node_modules/mysql/lib/protocol/sequences/Query.js:92:8)
    at Protocol._parsePacket (/Users/sarang_3010/Documents/propane/node_modules/mysql/lib/protocol/Protocol.js:291:23)
    at Parser._parsePacket (/Users/sarang_3010/Documents/propane/node_modules/mysql/lib/protocol/Parser.js:433:10)
    at Parser.write (/Users/sarang_3010/Documents/propane/node_modules/mysql/lib/protocol/Parser.js:43:10)
[2022-11-02T00:13:50.793Z][backend][error] Unable to connect to database.  ER_TABLE_EXISTS_ERROR: Table 'ratings' already exists 
 QueryFailedError: ER_TABLE_EXISTS_ERROR: Table 'ratings' already exists
    at QueryFailedError.TypeORMError [as constructor] (/Users/sarang_3010/Documents/propane/src/error/TypeORMError.ts:7:9)
    at new QueryFailedError (/Users/sarang_3010/Documents/propane/src/error/QueryFailedError.ts:9:9)
    at Query.<anonymous> (/Users/sarang_3010/Documents/propane/src/driver/mysql/MysqlQueryRunner.ts:195:37)
    at Query.<anonymous> (/Users/sarang_3010/Documents/propane/node_modules/mysql/lib/Connection.js:526:10)
    at Query._callback (/Users/sarang_3010/Documents/propane/node_modules/mysql/lib/Connection.js:488:16)
    at Query.Sequence.end (/Users/sarang_3010/Documents/propane/node_modules/mysql/lib/protocol/sequences/Sequence.js:83:24)
    at Query.ErrorPacket (/Users/sarang_3010/Documents/propane/node_modules/mysql/lib/protocol/sequences/Query.js:92:8)
    at Protocol._parsePacket (/Users/sarang_3010/Documents/propane/node_modules/mysql/lib/protocol/Protocol.js:291:23)
    at Parser._parsePacket (/Users/sarang_3010/Documents/propane/node_modules/mysql/lib/protocol/Parser.js:433:10)
    at Parser.write (/Users/sarang_3010/Documents/propane/node_modules/mysql/lib/protocol/Parser.js:43:10)
[2022-11-02T00:14:51.453Z][backend][info] Server started - PORT: 3333
