[2022-10-31T18:43:48.514Z][backend][error] Unable to connect to database.  ER_TABLE_EXISTS_ERROR: Table 'ratings' already exists 
 QueryFailedError: ER_TABLE_EXISTS_ERROR: Table 'ratings' already exists
    at QueryFailedError.TypeORMError [as constructor] (/Users/sarang_3010/Documents/propane/src/error/TypeORMError.ts:7:9)
    at new QueryFailedError (/Users/sarang_3010/Documents/propane/src/error/QueryFailedError.ts:9:9)
    at Query.<anonymous> (/Users/sarang_3010/Documents/propane/src/driver/mysql/MysqlQueryRunner.ts:195:37)
    at Query.<anonymous> (/Users/sarang_3010/Documents/propane/node_modules/mysql/lib/Connection.js:526:10)
    at Query._callback (/Users/sarang_3010/Documents/propane/node_modules/mysql/lib/Connection.js:488:16)
    at Query.Sequence.end (/Users/sarang_3010/Documents/propane/node_modules/mysql/lib/protocol/sequences/Sequence.js:83:24)
    at Query.ErrorPacket (/Users/sarang_3010/Documents/propane/node_modules/mysql/lib/protocol/sequences/Query.js:92:8)
    at Protocol._parsePacket (/Users/sarang_3010/Documents/propane/node_modules/mysql/lib/protocol/Protocol.js:291:23)
    at Parser._parsePacket (/Users/sarang_3010/Documents/propane/node_modules/mysql/lib/protocol/Parser.js:433:10)
    at Parser.write (/Users/sarang_3010/Documents/propane/node_modules/mysql/lib/protocol/Parser.js:43:10)
[2022-10-31T18:46:36.894Z][backend][error] Unable to connect to database.  ER_TABLE_EXISTS_ERROR: Table 'ratings' already exists 
 QueryFailedError: ER_TABLE_EXISTS_ERROR: Table 'ratings' already exists
    at QueryFailedError.TypeORMError [as constructor] (/Users/sarang_3010/Documents/propane/src/error/TypeORMError.ts:7:9)
    at new QueryFailedError (/Users/sarang_3010/Documents/propane/src/error/QueryFailedError.ts:9:9)
    at Query.<anonymous> (/Users/sarang_3010/Documents/propane/src/driver/mysql/MysqlQueryRunner.ts:195:37)
    at Query.<anonymous> (/Users/sarang_3010/Documents/propane/node_modules/mysql/lib/Connection.js:526:10)
    at Query._callback (/Users/sarang_3010/Documents/propane/node_modules/mysql/lib/Connection.js:488:16)
    at Query.Sequence.end (/Users/sarang_3010/Documents/propane/node_modules/mysql/lib/protocol/sequences/Sequence.js:83:24)
    at Query.ErrorPacket (/Users/sarang_3010/Documents/propane/node_modules/mysql/lib/protocol/sequences/Query.js:92:8)
    at Protocol._parsePacket (/Users/sarang_3010/Documents/propane/node_modules/mysql/lib/protocol/Protocol.js:291:23)
    at Parser._parsePacket (/Users/sarang_3010/Documents/propane/node_modules/mysql/lib/protocol/Parser.js:433:10)
    at Parser.write (/Users/sarang_3010/Documents/propane/node_modules/mysql/lib/protocol/Parser.js:43:10)
[2022-10-31T18:51:22.016Z][backend][error] Unable to connect to database.  ER_TABLE_EXISTS_ERROR: Table 'ratings' already exists 
 QueryFailedError: ER_TABLE_EXISTS_ERROR: Table 'ratings' already exists
    at QueryFailedError.TypeORMError [as constructor] (/Users/sarang_3010/Documents/propane/src/error/TypeORMError.ts:7:9)
    at new QueryFailedError (/Users/sarang_3010/Documents/propane/src/error/QueryFailedError.ts:9:9)
    at Query.<anonymous> (/Users/sarang_3010/Documents/propane/src/driver/mysql/MysqlQueryRunner.ts:195:37)
    at Query.<anonymous> (/Users/sarang_3010/Documents/propane/node_modules/mysql/lib/Connection.js:526:10)
    at Query._callback (/Users/sarang_3010/Documents/propane/node_modules/mysql/lib/Connection.js:488:16)
    at Query.Sequence.end (/Users/sarang_3010/Documents/propane/node_modules/mysql/lib/protocol/sequences/Sequence.js:83:24)
    at Query.ErrorPacket (/Users/sarang_3010/Documents/propane/node_modules/mysql/lib/protocol/sequences/Query.js:92:8)
    at Protocol._parsePacket (/Users/sarang_3010/Documents/propane/node_modules/mysql/lib/protocol/Protocol.js:291:23)
    at Parser._parsePacket (/Users/sarang_3010/Documents/propane/node_modules/mysql/lib/protocol/Parser.js:433:10)
    at Parser.write (/Users/sarang_3010/Documents/propane/node_modules/mysql/lib/protocol/Parser.js:43:10)
[2022-10-31T19:05:15.969Z][backend][error] Unable to connect to database.  ER_TABLE_EXISTS_ERROR: Table 'ratings' already exists 
 QueryFailedError: ER_TABLE_EXISTS_ERROR: Table 'ratings' already exists
    at QueryFailedError.TypeORMError [as constructor] (/Users/sarang_3010/Documents/propane/src/error/TypeORMError.ts:7:9)
    at new QueryFailedError (/Users/sarang_3010/Documents/propane/src/error/QueryFailedError.ts:9:9)
    at Query.<anonymous> (/Users/sarang_3010/Documents/propane/src/driver/mysql/MysqlQueryRunner.ts:195:37)
    at Query.<anonymous> (/Users/sarang_3010/Documents/propane/node_modules/mysql/lib/Connection.js:526:10)
    at Query._callback (/Users/sarang_3010/Documents/propane/node_modules/mysql/lib/Connection.js:488:16)
    at Query.Sequence.end (/Users/sarang_3010/Documents/propane/node_modules/mysql/lib/protocol/sequences/Sequence.js:83:24)
    at Query.ErrorPacket (/Users/sarang_3010/Documents/propane/node_modules/mysql/lib/protocol/sequences/Query.js:92:8)
    at Protocol._parsePacket (/Users/sarang_3010/Documents/propane/node_modules/mysql/lib/protocol/Protocol.js:291:23)
    at Parser._parsePacket (/Users/sarang_3010/Documents/propane/node_modules/mysql/lib/protocol/Parser.js:433:10)
    at Parser.write (/Users/sarang_3010/Documents/propane/node_modules/mysql/lib/protocol/Parser.js:43:10)
[2022-10-31T19:07:36.650Z][backend][error] Unable to connect to database.  ER_TABLE_EXISTS_ERROR: Table 'ratings' already exists 
 QueryFailedError: ER_TABLE_EXISTS_ERROR: Table 'ratings' already exists
    at QueryFailedError.TypeORMError [as constructor] (/Users/sarang_3010/Documents/propane/src/error/TypeORMError.ts:7:9)
    at new QueryFailedError (/Users/sarang_3010/Documents/propane/src/error/QueryFailedError.ts:9:9)
    at Query.<anonymous> (/Users/sarang_3010/Documents/propane/src/driver/mysql/MysqlQueryRunner.ts:195:37)
    at Query.<anonymous> (/Users/sarang_3010/Documents/propane/node_modules/mysql/lib/Connection.js:526:10)
    at Query._callback (/Users/sarang_3010/Documents/propane/node_modules/mysql/lib/Connection.js:488:16)
    at Query.Sequence.end (/Users/sarang_3010/Documents/propane/node_modules/mysql/lib/protocol/sequences/Sequence.js:83:24)
    at Query.ErrorPacket (/Users/sarang_3010/Documents/propane/node_modules/mysql/lib/protocol/sequences/Query.js:92:8)
    at Protocol._parsePacket (/Users/sarang_3010/Documents/propane/node_modules/mysql/lib/protocol/Protocol.js:291:23)
    at Parser._parsePacket (/Users/sarang_3010/Documents/propane/node_modules/mysql/lib/protocol/Parser.js:433:10)
    at Parser.write (/Users/sarang_3010/Documents/propane/node_modules/mysql/lib/protocol/Parser.js:43:10)
[2022-10-31T19:08:21.194Z][backend][info] Server started - PORT: 3333
[2022-10-31T19:09:01.570Z][backend][info] Server started - PORT: 3333
[2022-10-31T19:09:05.783Z][backend][info] Gracefully shutting down
[2022-10-31T19:09:05.792Z][backend][info] Gracefully shutting down
